This file contains any messages produced by compilers while
running configure, to aid debugging if configure makes a mistake.

It was created by CityHash configure 1.1.1, which was
generated by GNU Autoconf 2.69.  Invocation command line was

  $ ./configure 

## --------- ##
## Platform. ##
## --------- ##

hostname = iZ2zehgvv8ornjpx1co2p1Z
uname -m = x86_64
uname -r = 5.15.0-91-generic
uname -s = Linux
uname -v = #101-Ubuntu SMP Tue Nov 14 13:30:08 UTC 2023

/usr/bin/uname -p = x86_64
/bin/uname -X     = unknown

/bin/arch              = x86_64
/usr/bin/arch -k       = unknown
/usr/convex/getsysinfo = unknown
/usr/bin/hostinfo      = unknown
/bin/machine           = unknown
/usr/bin/oslevel       = unknown
/bin/universe          = unknown

PATH: /usr/local/sbin
PATH: /usr/local/bin
PATH: /usr/sbin
PATH: /usr/bin
PATH: /sbin
PATH: /bin
PATH: /usr/games
PATH: /usr/local/games
PATH: /snap/bin


## ----------- ##
## Core tests. ##
## ----------- ##

configure:2533: checking for a BSD-compatible install
configure:2601: result: /usr/bin/install -c
configure:2612: checking whether build environment is sane
configure:2662: result: yes
configure:2803: checking for a thread-safe mkdir -p
configure:2842: result: /usr/bin/mkdir -p
configure:2855: checking for gawk
configure:2871: found /usr/bin/gawk
configure:2882: result: gawk
configure:2893: checking whether make sets $(MAKE)
configure:2915: result: yes
configure:3016: checking build system type
configure:3030: result: x86_64-unknown-linux-gnu
configure:3050: checking host system type
configure:3063: result: x86_64-unknown-linux-gnu
configure:3104: checking how to print strings
configure:3131: result: printf
configure:3164: checking for style of include used by make
configure:3192: result: GNU
configure:3263: checking for gcc
configure:3279: found /usr/bin/gcc
configure:3290: result: gcc
configure:3519: checking for C compiler version
configure:3528: gcc --version >&5
gcc (Ubuntu 11.4.0-1ubuntu1~22.04) 11.4.0
Copyright (C) 2021 Free Software Foundation, Inc.
This is free software; see the source for copying conditions.  There is NO
warranty; not even for MERCHANTABILITY or FITNESS FOR A PARTICULAR PURPOSE.

configure:3539: $? = 0
configure:3528: gcc -v >&5
Using built-in specs.
COLLECT_GCC=gcc
COLLECT_LTO_WRAPPER=/usr/lib/gcc/x86_64-linux-gnu/11/lto-wrapper
OFFLOAD_TARGET_NAMES=nvptx-none:amdgcn-amdhsa
OFFLOAD_TARGET_DEFAULT=1
Target: x86_64-linux-gnu
Configured with: ../src/configure -v --with-pkgversion='Ubuntu 11.4.0-1ubuntu1~22.04' --with-bugurl=file:///usr/share/doc/gcc-11/README.Bugs --enable-languages=c,ada,c++,go,brig,d,fortran,objc,obj-c++,m2 --prefix=/usr --with-gcc-major-version-only --program-suffix=-11 --program-prefix=x86_64-linux-gnu- --enable-shared --enable-linker-build-id --libexecdir=/usr/lib --without-included-gettext --enable-threads=posix --libdir=/usr/lib --enable-nls --enable-bootstrap --enable-clocale=gnu --enable-libstdcxx-debug --enable-libstdcxx-time=yes --with-default-libstdcxx-abi=new --enable-gnu-unique-object --disable-vtable-verify --enable-plugin --enable-default-pie --with-system-zlib --enable-libphobos-checking=release --with-target-system-zlib=auto --enable-objc-gc=auto --enable-multiarch --disable-werror --enable-cet --with-arch-32=i686 --with-abi=m64 --with-multilib-list=m32,m64,mx32 --enable-multilib --with-tune=generic --enable-offload-targets=nvptx-none=/build/gcc-11-XeT9lY/gcc-11-11.4.0/debian/tmp-nvptx/usr,amdgcn-amdhsa=/build/gcc-11-XeT9lY/gcc-11-11.4.0/debian/tmp-gcn/usr --without-cuda-driver --enable-checking=release --build=x86_64-linux-gnu --host=x86_64-linux-gnu --target=x86_64-linux-gnu --with-build-config=bootstrap-lto-lean --enable-link-serialization=2
Thread model: posix
Supported LTO compression algorithms: zlib zstd
gcc version 11.4.0 (Ubuntu 11.4.0-1ubuntu1~22.04) 
... rest of stderr output deleted ...
configure:3539: $? = 0
configure:3528: gcc -V >&5
gcc: error: unrecognized command-line option '-V'
gcc: fatal error: no input files
compilation terminated.
configure:3539: $? = 1
configure:3528: gcc -qversion >&5
gcc: error: unrecognized command-line option '-qversion'; did you mean '--version'?
gcc: fatal error: no input files
compilation terminated.
configure:3539: $? = 1
configure:3559: checking whether the C compiler works
configure:3581: gcc    conftest.c  >&5
configure:3585: $? = 0
configure:3633: result: yes
configure:3636: checking for C compiler default output file name
configure:3638: result: a.out
configure:3644: checking for suffix of executables
configure:3651: gcc -o conftest    conftest.c  >&5
configure:3655: $? = 0
configure:3677: result: 
configure:3699: checking whether we are cross compiling
configure:3707: gcc -o conftest    conftest.c  >&5
configure:3711: $? = 0
configure:3718: ./conftest
configure:3722: $? = 0
configure:3737: result: no
configure:3742: checking for suffix of object files
configure:3764: gcc -c   conftest.c >&5
configure:3768: $? = 0
configure:3789: result: o
configure:3793: checking whether we are using the GNU C compiler
configure:3812: gcc -c   conftest.c >&5
configure:3812: $? = 0
configure:3821: result: yes
configure:3830: checking whether gcc accepts -g
configure:3850: gcc -c -g  conftest.c >&5
configure:3850: $? = 0
configure:3891: result: yes
configure:3908: checking for gcc option to accept ISO C89
configure:3971: gcc  -c -g -O2  conftest.c >&5
configure:3971: $? = 0
configure:3984: result: none needed
configure:4006: checking dependency style of gcc
configure:4117: result: gcc3
configure:4132: checking for a sed that does not truncate output
configure:4196: result: /usr/bin/sed
configure:4214: checking for grep that handles long lines and -e
configure:4272: result: /usr/bin/grep
configure:4277: checking for egrep
configure:4339: result: /usr/bin/grep -E
configure:4344: checking for fgrep
configure:4406: result: /usr/bin/grep -F
configure:4441: checking for ld used by gcc
configure:4508: result: /usr/bin/ld
configure:4515: checking if the linker (/usr/bin/ld) is GNU ld
configure:4530: result: yes
configure:4542: checking for BSD- or MS-compatible name lister (nm)
configure:4591: result: /usr/bin/nm -B
configure:4721: checking the name lister (/usr/bin/nm -B) interface
configure:4728: gcc -c -g -O2  conftest.c >&5
configure:4731: /usr/bin/nm -B "conftest.o"
configure:4734: output
0000000000000000 B some_variable
configure:4741: result: BSD nm
configure:4744: checking whether ln -s works
configure:4748: result: yes
configure:4756: checking the maximum length of command line arguments
configure:4881: result: 1572864
configure:4898: checking whether the shell understands some XSI constructs
configure:4908: result: yes
configure:4912: checking whether the shell understands "+="
configure:4918: result: yes
configure:4953: checking how to convert x86_64-unknown-linux-gnu file names to x86_64-unknown-linux-gnu format
configure:4993: result: func_convert_file_noop
configure:5000: checking how to convert x86_64-unknown-linux-gnu file names to toolchain format
configure:5020: result: func_convert_file_noop
configure:5027: checking for /usr/bin/ld option to reload object files
configure:5034: result: -r
configure:5108: checking for objdump
configure:5124: found /usr/bin/objdump
configure:5135: result: objdump
configure:5167: checking how to recognize dependent libraries
configure:5369: result: pass_all
configure:5454: checking for dlltool
configure:5484: result: no
configure:5514: checking how to associate runtime and link libraries
configure:5541: result: printf %s\n
configure:5602: checking for ar
configure:5618: found /usr/bin/ar
configure:5629: result: ar
configure:5666: checking for archiver @FILE support
configure:5683: gcc -c -g -O2  conftest.c >&5
configure:5683: $? = 0
configure:5686: ar cru libconftest.a @conftest.lst >&5
ar: `u' modifier ignored since `D' is the default (see `U')
configure:5689: $? = 0
configure:5694: ar cru libconftest.a @conftest.lst >&5
ar: `u' modifier ignored since `D' is the default (see `U')
ar: conftest.o: No such file or directory
configure:5697: $? = 1
configure:5709: result: @
configure:5767: checking for strip
configure:5783: found /usr/bin/strip
configure:5794: result: strip
configure:5866: checking for ranlib
configure:5882: found /usr/bin/ranlib
configure:5893: result: ranlib
configure:5995: checking command to parse /usr/bin/nm -B output from gcc object
configure:6114: gcc -c -g -O2  conftest.c >&5
configure:6117: $? = 0
configure:6121: /usr/bin/nm -B conftest.o \| sed -n -e 's/^.*[ ]\([ABCDGIRSTW][ABCDGIRSTW]*\)[ ][ ]*\([_A-Za-z][_A-Za-z0-9]*\)$/\1 \2 \2/p' | sed '/ __gnu_lto/d' \> conftest.nm
configure:6124: $? = 0
configure:6190: gcc -o conftest -g -O2   conftest.c conftstm.o >&5
configure:6193: $? = 0
configure:6231: result: ok
configure:6268: checking for sysroot
configure:6298: result: no
configure:6375: gcc -c -g -O2  conftest.c >&5
configure:6378: $? = 0
configure:6541: checking for mt
configure:6557: found /usr/bin/mt
configure:6568: result: mt
configure:6591: checking if mt is a manifest tool
configure:6597: mt '-?'
configure:6605: result: no
configure:7237: checking how to run the C preprocessor
configure:7268: gcc -E  conftest.c
configure:7268: $? = 0
configure:7282: gcc -E  conftest.c
conftest.c:9:10: fatal error: ac_nonexistent.h: No such file or directory
    9 | #include <ac_nonexistent.h>
      |          ^~~~~~~~~~~~~~~~~~
compilation terminated.
configure:7282: $? = 1
configure: failed program was:
| /* confdefs.h */
| #define PACKAGE_NAME "CityHash"
| #define PACKAGE_TARNAME "cityhash"
| #define PACKAGE_VERSION "1.1.1"
| #define PACKAGE_STRING "CityHash 1.1.1"
| #define PACKAGE_BUGREPORT "cityhash-discuss@googlegroups.com"
| #define PACKAGE_URL ""
| /* end confdefs.h.  */
| #include <ac_nonexistent.h>
configure:7307: result: gcc -E
configure:7327: gcc -E  conftest.c
configure:7327: $? = 0
configure:7341: gcc -E  conftest.c
conftest.c:9:10: fatal error: ac_nonexistent.h: No such file or directory
    9 | #include <ac_nonexistent.h>
      |          ^~~~~~~~~~~~~~~~~~
compilation terminated.
configure:7341: $? = 1
configure: failed program was:
| /* confdefs.h */
| #define PACKAGE_NAME "CityHash"
| #define PACKAGE_TARNAME "cityhash"
| #define PACKAGE_VERSION "1.1.1"
| #define PACKAGE_STRING "CityHash 1.1.1"
| #define PACKAGE_BUGREPORT "cityhash-discuss@googlegroups.com"
| #define PACKAGE_URL ""
| /* end confdefs.h.  */
| #include <ac_nonexistent.h>
configure:7370: checking for ANSI C header files
configure:7390: gcc -c -g -O2  conftest.c >&5
configure:7390: $? = 0
configure:7463: gcc -o conftest -g -O2   conftest.c  >&5
configure:7463: $? = 0
configure:7463: ./conftest
configure:7463: $? = 0
configure:7474: result: yes
configure:7487: checking for sys/types.h
configure:7487: gcc -c -g -O2  conftest.c >&5
configure:7487: $? = 0
configure:7487: result: yes
configure:7487: checking for sys/stat.h
configure:7487: gcc -c -g -O2  conftest.c >&5
configure:7487: $? = 0
configure:7487: result: yes
configure:7487: checking for stdlib.h
configure:7487: gcc -c -g -O2  conftest.c >&5
configure:7487: $? = 0
configure:7487: result: yes
configure:7487: checking for string.h
configure:7487: gcc -c -g -O2  conftest.c >&5
configure:7487: $? = 0
configure:7487: result: yes
configure:7487: checking for memory.h
configure:7487: gcc -c -g -O2  conftest.c >&5
configure:7487: $? = 0
configure:7487: result: yes
configure:7487: checking for strings.h
configure:7487: gcc -c -g -O2  conftest.c >&5
configure:7487: $? = 0
configure:7487: result: yes
configure:7487: checking for inttypes.h
configure:7487: gcc -c -g -O2  conftest.c >&5
configure:7487: $? = 0
configure:7487: result: yes
configure:7487: checking for stdint.h
configure:7487: gcc -c -g -O2  conftest.c >&5
configure:7487: $? = 0
configure:7487: result: yes
configure:7487: checking for unistd.h
configure:7487: gcc -c -g -O2  conftest.c >&5
configure:7487: $? = 0
configure:7487: result: yes
configure:7501: checking for dlfcn.h
configure:7501: gcc -c -g -O2  conftest.c >&5
configure:7501: $? = 0
configure:7501: result: yes
configure:7688: checking for objdir
configure:7703: result: .libs
configure:7974: checking if gcc supports -fno-rtti -fno-exceptions
configure:7992: gcc -c -g -O2  -fno-rtti -fno-exceptions conftest.c >&5
cc1: warning: command-line option '-fno-rtti' is valid for C++/D/ObjC++ but not for C
configure:7996: $? = 0
configure:8009: result: no
configure:8319: checking for gcc option to produce PIC
configure:8326: result: -fPIC -DPIC
configure:8334: checking if gcc PIC flag -fPIC -DPIC works
configure:8352: gcc -c -g -O2  -fPIC -DPIC -DPIC conftest.c >&5
configure:8356: $? = 0
configure:8369: result: yes
configure:8398: checking if gcc static flag -static works
configure:8426: result: yes
configure:8441: checking if gcc supports -c -o file.o
configure:8462: gcc -c -g -O2  -o out/conftest2.o conftest.c >&5
configure:8466: $? = 0
configure:8488: result: yes
configure:8496: checking if gcc supports -c -o file.o
configure:8543: result: yes
configure:8576: checking whether the gcc linker (/usr/bin/ld -m elf_x86_64) supports shared libraries
configure:9734: result: yes
configure:9771: checking whether -lc should be explicitly linked in
configure:9779: gcc -c -g -O2  conftest.c >&5
configure:9782: $? = 0
configure:9797: gcc -shared  -fPIC -DPIC conftest.o  -v -Wl,-soname -Wl,conftest -o conftest 2\>\&1 \| /usr/bin/grep  -lc  \>/dev/null 2\>\&1
configure:9800: $? = 0
configure:9814: result: no
configure:9979: checking dynamic linker characteristics
configure:10493: gcc -o conftest -g -O2   -Wl,-rpath -Wl,/foo conftest.c  >&5
configure:10493: $? = 0
configure:10715: result: GNU/Linux ld.so
configure:10822: checking how to hardcode library paths into programs
configure:10847: result: immediate
configure:11387: checking whether stripping libraries is possible
configure:11392: result: yes
configure:11427: checking if libtool supports shared libraries
configure:11429: result: yes
configure:11432: checking whether to build shared libraries
configure:11453: result: yes
configure:11456: checking whether to build static libraries
configure:11460: result: yes
configure:11574: checking for g++
configure:11590: found /usr/bin/g++
configure:11601: result: g++
configure:11628: checking for C++ compiler version
configure:11637: g++ --version >&5
g++ (Ubuntu 11.4.0-1ubuntu1~22.04) 11.4.0
Copyright (C) 2021 Free Software Foundation, Inc.
This is free software; see the source for copying conditions.  There is NO
warranty; not even for MERCHANTABILITY or FITNESS FOR A PARTICULAR PURPOSE.

configure:11648: $? = 0
configure:11637: g++ -v >&5
Using built-in specs.
COLLECT_GCC=g++
COLLECT_LTO_WRAPPER=/usr/lib/gcc/x86_64-linux-gnu/11/lto-wrapper
OFFLOAD_TARGET_NAMES=nvptx-none:amdgcn-amdhsa
OFFLOAD_TARGET_DEFAULT=1
Target: x86_64-linux-gnu
Configured with: ../src/configure -v --with-pkgversion='Ubuntu 11.4.0-1ubuntu1~22.04' --with-bugurl=file:///usr/share/doc/gcc-11/README.Bugs --enable-languages=c,ada,c++,go,brig,d,fortran,objc,obj-c++,m2 --prefix=/usr --with-gcc-major-version-only --program-suffix=-11 --program-prefix=x86_64-linux-gnu- --enable-shared --enable-linker-build-id --libexecdir=/usr/lib --without-included-gettext --enable-threads=posix --libdir=/usr/lib --enable-nls --enable-bootstrap --enable-clocale=gnu --enable-libstdcxx-debug --enable-libstdcxx-time=yes --with-default-libstdcxx-abi=new --enable-gnu-unique-object --disable-vtable-verify --enable-plugin --enable-default-pie --with-system-zlib --enable-libphobos-checking=release --with-target-system-zlib=auto --enable-objc-gc=auto --enable-multiarch --disable-werror --enable-cet --with-arch-32=i686 --with-abi=m64 --with-multilib-list=m32,m64,mx32 --enable-multilib --with-tune=generic --enable-offload-targets=nvptx-none=/build/gcc-11-XeT9lY/gcc-11-11.4.0/debian/tmp-nvptx/usr,amdgcn-amdhsa=/build/gcc-11-XeT9lY/gcc-11-11.4.0/debian/tmp-gcn/usr --without-cuda-driver --enable-checking=release --build=x86_64-linux-gnu --host=x86_64-linux-gnu --target=x86_64-linux-gnu --with-build-config=bootstrap-lto-lean --enable-link-serialization=2
Thread model: posix
Supported LTO compression algorithms: zlib zstd
gcc version 11.4.0 (Ubuntu 11.4.0-1ubuntu1~22.04) 
... rest of stderr output deleted ...
configure:11648: $? = 0
configure:11637: g++ -V >&5
g++: error: unrecognized command-line option '-V'
g++: fatal error: no input files
compilation terminated.
configure:11648: $? = 1
configure:11637: g++ -qversion >&5
g++: error: unrecognized command-line option '-qversion'; did you mean '--version'?
g++: fatal error: no input files
compilation terminated.
configure:11648: $? = 1
configure:11652: checking whether we are using the GNU C++ compiler
configure:11671: g++ -c   conftest.cpp >&5
configure:11671: $? = 0
configure:11680: result: yes
configure:11689: checking whether g++ accepts -g
configure:11709: g++ -c -g  conftest.cpp >&5
configure:11709: $? = 0
configure:11750: result: yes
configure:11775: checking dependency style of g++
configure:11886: result: gcc3
configure:11919: checking how to run the C++ preprocessor
configure:11946: g++ -E  conftest.cpp
configure:11946: $? = 0
configure:11960: g++ -E  conftest.cpp
conftest.cpp:21:10: fatal error: ac_nonexistent.h: No such file or directory
   21 | #include <ac_nonexistent.h>
      |          ^~~~~~~~~~~~~~~~~~
compilation terminated.
configure:11960: $? = 1
configure: failed program was:
| /* confdefs.h */
| #define PACKAGE_NAME "CityHash"
| #define PACKAGE_TARNAME "cityhash"
| #define PACKAGE_VERSION "1.1.1"
| #define PACKAGE_STRING "CityHash 1.1.1"
| #define PACKAGE_BUGREPORT "cityhash-discuss@googlegroups.com"
| #define PACKAGE_URL ""
| #define STDC_HEADERS 1
| #define HAVE_SYS_TYPES_H 1
| #define HAVE_SYS_STAT_H 1
| #define HAVE_STDLIB_H 1
| #define HAVE_STRING_H 1
| #define HAVE_MEMORY_H 1
| #define HAVE_STRINGS_H 1
| #define HAVE_INTTYPES_H 1
| #define HAVE_STDINT_H 1
| #define HAVE_UNISTD_H 1
| #define HAVE_DLFCN_H 1
| #define LT_OBJDIR ".libs/"
| /* end confdefs.h.  */
| #include <ac_nonexistent.h>
configure:11985: result: g++ -E
configure:12005: g++ -E  conftest.cpp
configure:12005: $? = 0
configure:12019: g++ -E  conftest.cpp
conftest.cpp:21:10: fatal error: ac_nonexistent.h: No such file or directory
   21 | #include <ac_nonexistent.h>
      |          ^~~~~~~~~~~~~~~~~~
compilation terminated.
configure:12019: $? = 1
configure: failed program was:
| /* confdefs.h */
| #define PACKAGE_NAME "CityHash"
| #define PACKAGE_TARNAME "cityhash"
| #define PACKAGE_VERSION "1.1.1"
| #define PACKAGE_STRING "CityHash 1.1.1"
| #define PACKAGE_BUGREPORT "cityhash-discuss@googlegroups.com"
| #define PACKAGE_URL ""
| #define STDC_HEADERS 1
| #define HAVE_SYS_TYPES_H 1
| #define HAVE_SYS_STAT_H 1
| #define HAVE_STDLIB_H 1
| #define HAVE_STRING_H 1
| #define HAVE_MEMORY_H 1
| #define HAVE_STRINGS_H 1
| #define HAVE_INTTYPES_H 1
| #define HAVE_STDINT_H 1
| #define HAVE_UNISTD_H 1
| #define HAVE_DLFCN_H 1
| #define LT_OBJDIR ".libs/"
| /* end confdefs.h.  */
| #include <ac_nonexistent.h>
configure:12189: checking for ld used by g++
configure:12256: result: /usr/bin/ld -m elf_x86_64
configure:12263: checking if the linker (/usr/bin/ld -m elf_x86_64) is GNU ld
configure:12278: result: yes
configure:12333: checking whether the g++ linker (/usr/bin/ld -m elf_x86_64) supports shared libraries
configure:13337: result: yes
configure:13372: g++ -c -g -O2  conftest.cpp >&5
configure:13375: $? = 0
configure:13895: checking for g++ option to produce PIC
configure:13902: result: -fPIC -DPIC
configure:13910: checking if g++ PIC flag -fPIC -DPIC works
configure:13928: g++ -c -g -O2  -fPIC -DPIC -DPIC conftest.cpp >&5
configure:13932: $? = 0
configure:13945: result: yes
configure:13968: checking if g++ static flag -static works
configure:13996: result: yes
configure:14008: checking if g++ supports -c -o file.o
configure:14029: g++ -c -g -O2  -o out/conftest2.o conftest.cpp >&5
configure:14033: $? = 0
configure:14055: result: yes
configure:14060: checking if g++ supports -c -o file.o
configure:14107: result: yes
configure:14137: checking whether the g++ linker (/usr/bin/ld -m elf_x86_64) supports shared libraries
configure:14171: result: yes
configure:14314: checking dynamic linker characteristics
configure:14984: result: GNU/Linux ld.so
configure:15037: checking how to hardcode library paths into programs
configure:15062: result: immediate
configure:15108: checking whether byte ordering is bigendian
configure:15123: g++ -c -g -O2  conftest.cpp >&5
conftest.cpp:22:16: error: expected unqualified-id before 'not' token
   22 |                not a universal capable compiler
      |                ^~~
configure:15123: $? = 1
configure: failed program was:
| /* confdefs.h */
| #define PACKAGE_NAME "CityHash"
| #define PACKAGE_TARNAME "cityhash"
| #define PACKAGE_VERSION "1.1.1"
| #define PACKAGE_STRING "CityHash 1.1.1"
| #define PACKAGE_BUGREPORT "cityhash-discuss@googlegroups.com"
| #define PACKAGE_URL ""
| #define STDC_HEADERS 1
| #define HAVE_SYS_TYPES_H 1
| #define HAVE_SYS_STAT_H 1
| #define HAVE_STDLIB_H 1
| #define HAVE_STRING_H 1
| #define HAVE_MEMORY_H 1
| #define HAVE_STRINGS_H 1
| #define HAVE_INTTYPES_H 1
| #define HAVE_STDINT_H 1
| #define HAVE_UNISTD_H 1
| #define HAVE_DLFCN_H 1
| #define LT_OBJDIR ".libs/"
| /* end confdefs.h.  */
| #ifndef __APPLE_CC__
| 	       not a universal capable compiler
| 	     #endif
| 	     typedef int dummy;
| 
configure:15168: g++ -c -g -O2  conftest.cpp >&5
configure:15168: $? = 0
configure:15186: g++ -c -g -O2  conftest.cpp >&5
conftest.cpp: In function 'int main()':
conftest.cpp:28:22: error: 'big' was not declared in this scope
   28 |                  not big endian
      |                      ^~~
configure:15186: $? = 1
configure: failed program was:
| /* confdefs.h */
| #define PACKAGE_NAME "CityHash"
| #define PACKAGE_TARNAME "cityhash"
| #define PACKAGE_VERSION "1.1.1"
| #define PACKAGE_STRING "CityHash 1.1.1"
| #define PACKAGE_BUGREPORT "cityhash-discuss@googlegroups.com"
| #define PACKAGE_URL ""
| #define STDC_HEADERS 1
| #define HAVE_SYS_TYPES_H 1
| #define HAVE_SYS_STAT_H 1
| #define HAVE_STDLIB_H 1
| #define HAVE_STRING_H 1
| #define HAVE_MEMORY_H 1
| #define HAVE_STRINGS_H 1
| #define HAVE_INTTYPES_H 1
| #define HAVE_STDINT_H 1
| #define HAVE_UNISTD_H 1
| #define HAVE_DLFCN_H 1
| #define LT_OBJDIR ".libs/"
| /* end confdefs.h.  */
| #include <sys/types.h>
| 		#include <sys/param.h>
| 
| int
| main ()
| {
| #if BYTE_ORDER != BIG_ENDIAN
| 		 not big endian
| 		#endif
| 
|   ;
|   return 0;
| }
configure:15314: result: no
configure:15340: checking for stdint.h
configure:15340: result: yes
configure:15340: checking for stdlib.h
configure:15340: result: yes
configure:15352: checking for inline
configure:15368: g++ -c -g -O2  conftest.cpp >&5
configure:15368: $? = 0
configure:15376: result: inline
configure:15394: checking for size_t
configure:15394: g++ -c -g -O2  conftest.cpp >&5
configure:15394: $? = 0
configure:15394: g++ -c -g -O2  conftest.cpp >&5
conftest.cpp: In function 'int main()':
conftest.cpp:59:20: error: expected primary-expression before ')' token
   59 | if (sizeof ((size_t)))
      |                    ^
configure:15394: $? = 1
configure: failed program was:
| /* confdefs.h */
| #define PACKAGE_NAME "CityHash"
| #define PACKAGE_TARNAME "cityhash"
| #define PACKAGE_VERSION "1.1.1"
| #define PACKAGE_STRING "CityHash 1.1.1"
| #define PACKAGE_BUGREPORT "cityhash-discuss@googlegroups.com"
| #define PACKAGE_URL ""
| #define STDC_HEADERS 1
| #define HAVE_SYS_TYPES_H 1
| #define HAVE_SYS_STAT_H 1
| #define HAVE_STDLIB_H 1
| #define HAVE_STRING_H 1
| #define HAVE_MEMORY_H 1
| #define HAVE_STRINGS_H 1
| #define HAVE_INTTYPES_H 1
| #define HAVE_STDINT_H 1
| #define HAVE_UNISTD_H 1
| #define HAVE_DLFCN_H 1
| #define LT_OBJDIR ".libs/"
| #define HAVE_STDINT_H 1
| #define HAVE_STDLIB_H 1
| /* end confdefs.h.  */
| #include <stdio.h>
| #ifdef HAVE_SYS_TYPES_H
| # include <sys/types.h>
| #endif
| #ifdef HAVE_SYS_STAT_H
| # include <sys/stat.h>
| #endif
| #ifdef STDC_HEADERS
| # include <stdlib.h>
| # include <stddef.h>
| #else
| # ifdef HAVE_STDLIB_H
| #  include <stdlib.h>
| # endif
| #endif
| #ifdef HAVE_STRING_H
| # if !defined STDC_HEADERS && defined HAVE_MEMORY_H
| #  include <memory.h>
| # endif
| # include <string.h>
| #endif
| #ifdef HAVE_STRINGS_H
| # include <strings.h>
| #endif
| #ifdef HAVE_INTTYPES_H
| # include <inttypes.h>
| #endif
| #ifdef HAVE_STDINT_H
| # include <stdint.h>
| #endif
| #ifdef HAVE_UNISTD_H
| # include <unistd.h>
| #endif
| int
| main ()
| {
| if (sizeof ((size_t)))
| 	    return 0;
|   ;
|   return 0;
| }
configure:15394: result: yes
configure:15405: checking for ssize_t
configure:15405: g++ -c -g -O2  conftest.cpp >&5
configure:15405: $? = 0
configure:15405: g++ -c -g -O2  conftest.cpp >&5
conftest.cpp: In function 'int main()':
conftest.cpp:59:21: error: expected primary-expression before ')' token
   59 | if (sizeof ((ssize_t)))
      |                     ^
configure:15405: $? = 1
configure: failed program was:
| /* confdefs.h */
| #define PACKAGE_NAME "CityHash"
| #define PACKAGE_TARNAME "cityhash"
| #define PACKAGE_VERSION "1.1.1"
| #define PACKAGE_STRING "CityHash 1.1.1"
| #define PACKAGE_BUGREPORT "cityhash-discuss@googlegroups.com"
| #define PACKAGE_URL ""
| #define STDC_HEADERS 1
| #define HAVE_SYS_TYPES_H 1
| #define HAVE_SYS_STAT_H 1
| #define HAVE_STDLIB_H 1
| #define HAVE_STRING_H 1
| #define HAVE_MEMORY_H 1
| #define HAVE_STRINGS_H 1
| #define HAVE_INTTYPES_H 1
| #define HAVE_STDINT_H 1
| #define HAVE_UNISTD_H 1
| #define HAVE_DLFCN_H 1
| #define LT_OBJDIR ".libs/"
| #define HAVE_STDINT_H 1
| #define HAVE_STDLIB_H 1
| /* end confdefs.h.  */
| #include <stdio.h>
| #ifdef HAVE_SYS_TYPES_H
| # include <sys/types.h>
| #endif
| #ifdef HAVE_SYS_STAT_H
| # include <sys/stat.h>
| #endif
| #ifdef STDC_HEADERS
| # include <stdlib.h>
| # include <stddef.h>
| #else
| # ifdef HAVE_STDLIB_H
| #  include <stdlib.h>
| # endif
| #endif
| #ifdef HAVE_STRING_H
| # if !defined STDC_HEADERS && defined HAVE_MEMORY_H
| #  include <memory.h>
| # endif
| # include <string.h>
| #endif
| #ifdef HAVE_STRINGS_H
| # include <strings.h>
| #endif
| #ifdef HAVE_INTTYPES_H
| # include <inttypes.h>
| #endif
| #ifdef HAVE_STDINT_H
| # include <stdint.h>
| #endif
| #ifdef HAVE_UNISTD_H
| # include <unistd.h>
| #endif
| int
| main ()
| {
| if (sizeof ((ssize_t)))
| 	    return 0;
|   ;
|   return 0;
| }
configure:15405: result: yes
configure:15416: checking for uint32_t
configure:15416: g++ -c -g -O2  conftest.cpp >&5
configure:15416: $? = 0
configure:15416: result: yes
configure:15430: checking for uint64_t
configure:15430: g++ -c -g -O2  conftest.cpp >&5
configure:15430: $? = 0
configure:15430: result: yes
configure:15444: checking for uint8_t
configure:15444: g++ -c -g -O2  conftest.cpp >&5
configure:15444: $? = 0
configure:15444: result: yes
configure:15460: checking if the compiler supports __builtin_expect
configure:15473: g++ -c -g -O2  conftest.cpp >&5
configure:15473: $? = 0
configure:15476: result: yes
configure:15624: creating ./config.status

## ---------------------- ##
## Running config.status. ##
## ---------------------- ##

This file was extended by CityHash config.status 1.1.1, which was
generated by GNU Autoconf 2.69.  Invocation command line was

  CONFIG_FILES    = 
  CONFIG_HEADERS  = 
  CONFIG_LINKS    = 
  CONFIG_COMMANDS = 
  $ ./config.status 

on iZ2zehgvv8ornjpx1co2p1Z

config.status:1144: creating Makefile
config.status:1144: creating src/Makefile
config.status:1144: creating config.h
config.status:1373: executing depfiles commands
config.status:1373: executing libtool commands

## ---------------- ##
## Cache variables. ##
## ---------------- ##

ac_cv_build=x86_64-unknown-linux-gnu
ac_cv_c_bigendian=no
ac_cv_c_compiler_gnu=yes
ac_cv_c_inline=inline
ac_cv_c_uint32_t=yes
ac_cv_c_uint64_t=yes
ac_cv_c_uint8_t=yes
ac_cv_cxx_compiler_gnu=yes
ac_cv_env_CCC_set=
ac_cv_env_CCC_value=
ac_cv_env_CC_set=
ac_cv_env_CC_value=
ac_cv_env_CFLAGS_set=
ac_cv_env_CFLAGS_value=
ac_cv_env_CPPFLAGS_set=
ac_cv_env_CPPFLAGS_value=
ac_cv_env_CPP_set=
ac_cv_env_CPP_value=
ac_cv_env_CXXCPP_set=
ac_cv_env_CXXCPP_value=
ac_cv_env_CXXFLAGS_set=
ac_cv_env_CXXFLAGS_value=
ac_cv_env_CXX_set=
ac_cv_env_CXX_value=
ac_cv_env_LDFLAGS_set=
ac_cv_env_LDFLAGS_value=
ac_cv_env_LIBS_set=
ac_cv_env_LIBS_value=
ac_cv_env_build_alias_set=
ac_cv_env_build_alias_value=
ac_cv_env_host_alias_set=
ac_cv_env_host_alias_value=
ac_cv_env_target_alias_set=
ac_cv_env_target_alias_value=
ac_cv_header_dlfcn_h=yes
ac_cv_header_inttypes_h=yes
ac_cv_header_memory_h=yes
ac_cv_header_stdc=yes
ac_cv_header_stdint_h=yes
ac_cv_header_stdlib_h=yes
ac_cv_header_string_h=yes
ac_cv_header_strings_h=yes
ac_cv_header_sys_stat_h=yes
ac_cv_header_sys_types_h=yes
ac_cv_header_unistd_h=yes
ac_cv_host=x86_64-unknown-linux-gnu
ac_cv_objext=o
ac_cv_path_EGREP='/usr/bin/grep -E'
ac_cv_path_FGREP='/usr/bin/grep -F'
ac_cv_path_GREP=/usr/bin/grep
ac_cv_path_SED=/usr/bin/sed
ac_cv_path_install='/usr/bin/install -c'
ac_cv_path_mkdir=/usr/bin/mkdir
ac_cv_prog_AWK=gawk
ac_cv_prog_CPP='gcc -E'
ac_cv_prog_CXXCPP='g++ -E'
ac_cv_prog_ac_ct_AR=ar
ac_cv_prog_ac_ct_CC=gcc
ac_cv_prog_ac_ct_CXX=g++
ac_cv_prog_ac_ct_MANIFEST_TOOL=mt
ac_cv_prog_ac_ct_OBJDUMP=objdump
ac_cv_prog_ac_ct_RANLIB=ranlib
ac_cv_prog_ac_ct_STRIP=strip
ac_cv_prog_cc_c89=
ac_cv_prog_cc_g=yes
ac_cv_prog_cxx_g=yes
ac_cv_prog_make_make_set=yes
ac_cv_type_size_t=yes
ac_cv_type_ssize_t=yes
am_cv_CC_dependencies_compiler_type=gcc3
am_cv_CXX_dependencies_compiler_type=gcc3
lt_cv_ar_at_file=@
lt_cv_archive_cmds_need_lc=no
lt_cv_deplibs_check_method=pass_all
lt_cv_file_magic_cmd='$MAGIC_CMD'
lt_cv_file_magic_test_file=
lt_cv_ld_reload_flag=-r
lt_cv_nm_interface='BSD nm'
lt_cv_objdir=.libs
lt_cv_path_LD=/usr/bin/ld
lt_cv_path_LDCXX='/usr/bin/ld -m elf_x86_64'
lt_cv_path_NM='/usr/bin/nm -B'
lt_cv_path_mainfest_tool=no
lt_cv_prog_compiler_c_o=yes
lt_cv_prog_compiler_c_o_CXX=yes
lt_cv_prog_compiler_pic='-fPIC -DPIC'
lt_cv_prog_compiler_pic_CXX='-fPIC -DPIC'
lt_cv_prog_compiler_pic_works=yes
lt_cv_prog_compiler_pic_works_CXX=yes
lt_cv_prog_compiler_rtti_exceptions=no
lt_cv_prog_compiler_static_works=yes
lt_cv_prog_compiler_static_works_CXX=yes
lt_cv_prog_gnu_ld=yes
lt_cv_prog_gnu_ldcxx=yes
lt_cv_sharedlib_from_linklib_cmd='printf %s\n'
lt_cv_shlibpath_overrides_runpath=yes
lt_cv_sys_global_symbol_pipe='sed -n -e '\''s/^.*[	 ]\([ABCDGIRSTW][ABCDGIRSTW]*\)[	 ][	 ]*\([_A-Za-z][_A-Za-z0-9]*\)$/\1 \2 \2/p'\'' | sed '\''/ __gnu_lto/d'\'''
lt_cv_sys_global_symbol_to_c_name_address='sed -n -e '\''s/^: \([^ ]*\)[ ]*$/  {\"\1\", (void *) 0},/p'\'' -e '\''s/^[ABCDGIRSTW]* \([^ ]*\) \([^ ]*\)$/  {"\2", (void *) \&\2},/p'\'''
lt_cv_sys_global_symbol_to_c_name_address_lib_prefix='sed -n -e '\''s/^: \([^ ]*\)[ ]*$/  {\"\1\", (void *) 0},/p'\'' -e '\''s/^[ABCDGIRSTW]* \([^ ]*\) \(lib[^ ]*\)$/  {"\2", (void *) \&\2},/p'\'' -e '\''s/^[ABCDGIRSTW]* \([^ ]*\) \([^ ]*\)$/  {"lib\2", (void *) \&\2},/p'\'''
lt_cv_sys_global_symbol_to_cdecl='sed -n -e '\''s/^T .* \(.*\)$/extern int \1();/p'\'' -e '\''s/^[ABCDGIRSTW]* .* \(.*\)$/extern char \1;/p'\'''
lt_cv_sys_max_cmd_len=1572864
lt_cv_to_host_file_cmd=func_convert_file_noop
lt_cv_to_tool_file_cmd=func_convert_file_noop

## ----------------- ##
## Output variables. ##
## ----------------- ##

ACLOCAL='${SHELL} /home/sdc/silifuzz-sdc/silifuzz_libs/cityhash/missing --run aclocal-1.11'
AMDEPBACKSLASH='\'
AMDEP_FALSE='#'
AMDEP_TRUE=''
AMTAR='$${TAR-tar}'
AR='ar'
AUTOCONF='${SHELL} /home/sdc/silifuzz-sdc/silifuzz_libs/cityhash/missing --run autoconf'
AUTOHEADER='${SHELL} /home/sdc/silifuzz-sdc/silifuzz_libs/cityhash/missing --run autoheader'
AUTOMAKE='${SHELL} /home/sdc/silifuzz-sdc/silifuzz_libs/cityhash/missing --run automake-1.11'
AWK='gawk'
CC='gcc'
CCDEPMODE='depmode=gcc3'
CFLAGS='-g -O2'
CPP='gcc -E'
CPPFLAGS=''
CXX='g++'
CXXCPP='g++ -E'
CXXDEPMODE='depmode=gcc3'
CXXFLAGS='-g -O2'
CYGPATH_W='echo'
DEFS='-DHAVE_CONFIG_H'
DEPDIR='.deps'
DLLTOOL='false'
DSYMUTIL=''
DUMPBIN=''
ECHO_C=''
ECHO_N='-n'
ECHO_T=''
EGREP='/usr/bin/grep -E'
EXEEXT=''
FGREP='/usr/bin/grep -F'
GREP='/usr/bin/grep'
INSTALL_DATA='${INSTALL} -m 644'
INSTALL_PROGRAM='${INSTALL}'
INSTALL_SCRIPT='${INSTALL}'
INSTALL_STRIP_PROGRAM='$(install_sh) -c -s'
LD='/usr/bin/ld -m elf_x86_64'
LDFLAGS=''
LIBOBJS=''
LIBS=''
LIBTOOL='$(SHELL) $(top_builddir)/libtool'
LIPO=''
LN_S='ln -s'
LTLIBOBJS=''
MAKEINFO='${SHELL} /home/sdc/silifuzz-sdc/silifuzz_libs/cityhash/missing --run makeinfo'
MANIFEST_TOOL=':'
MKDIR_P='/usr/bin/mkdir -p'
NM='/usr/bin/nm -B'
NMEDIT=''
OBJDUMP='objdump'
OBJEXT='o'
OTOOL64=''
OTOOL=''
PACKAGE='cityhash'
PACKAGE_BUGREPORT='cityhash-discuss@googlegroups.com'
PACKAGE_NAME='CityHash'
PACKAGE_STRING='CityHash 1.1.1'
PACKAGE_TARNAME='cityhash'
PACKAGE_URL=''
PACKAGE_VERSION='1.1.1'
PATH_SEPARATOR=':'
RANLIB='ranlib'
SED='/usr/bin/sed'
SET_MAKE=''
SHELL='/bin/bash'
SSE42_FALSE=''
SSE42_TRUE='#'
STRIP='strip'
VERSION='1.1.1'
ac_ct_AR='ar'
ac_ct_CC='gcc'
ac_ct_CXX='g++'
ac_ct_DUMPBIN=''
am__EXEEXT_FALSE=''
am__EXEEXT_TRUE='#'
am__fastdepCC_FALSE='#'
am__fastdepCC_TRUE=''
am__fastdepCXX_FALSE='#'
am__fastdepCXX_TRUE=''
am__include='include'
am__isrc=''
am__leading_dot='.'
am__nodep='_no'
am__quote=''
am__tar='$${TAR-tar} chof - "$$tardir"'
am__untar='$${TAR-tar} xf -'
bindir='${exec_prefix}/bin'
build='x86_64-unknown-linux-gnu'
build_alias=''
build_cpu='x86_64'
build_os='linux-gnu'
build_vendor='unknown'
datadir='${datarootdir}'
datarootdir='${prefix}/share'
docdir='${datarootdir}/doc/${PACKAGE_TARNAME}'
dvidir='${docdir}'
exec_prefix='${prefix}'
host='x86_64-unknown-linux-gnu'
host_alias=''
host_cpu='x86_64'
host_os='linux-gnu'
host_vendor='unknown'
htmldir='${docdir}'
includedir='${prefix}/include'
infodir='${datarootdir}/info'
install_sh='${SHELL} /home/sdc/silifuzz-sdc/silifuzz_libs/cityhash/install-sh'
libdir='${exec_prefix}/lib'
libexecdir='${exec_prefix}/libexec'
localedir='${datarootdir}/locale'
localstatedir='${prefix}/var'
mandir='${datarootdir}/man'
mkdir_p='/usr/bin/mkdir -p'
oldincludedir='/usr/include'
pdfdir='${docdir}'
prefix='/usr/local'
program_transform_name='s,x,x,'
psdir='${docdir}'
sbindir='${exec_prefix}/sbin'
sharedstatedir='${prefix}/com'
sysconfdir='${prefix}/etc'
target_alias=''

## ----------- ##
## confdefs.h. ##
## ----------- ##

/* confdefs.h */
#define PACKAGE_NAME "CityHash"
#define PACKAGE_TARNAME "cityhash"
#define PACKAGE_VERSION "1.1.1"
#define PACKAGE_STRING "CityHash 1.1.1"
#define PACKAGE_BUGREPORT "cityhash-discuss@googlegroups.com"
#define PACKAGE_URL ""
#define STDC_HEADERS 1
#define HAVE_SYS_TYPES_H 1
#define HAVE_SYS_STAT_H 1
#define HAVE_STDLIB_H 1
#define HAVE_STRING_H 1
#define HAVE_MEMORY_H 1
#define HAVE_STRINGS_H 1
#define HAVE_INTTYPES_H 1
#define HAVE_STDINT_H 1
#define HAVE_UNISTD_H 1
#define HAVE_DLFCN_H 1
#define LT_OBJDIR ".libs/"
#define HAVE_STDINT_H 1
#define HAVE_STDLIB_H 1
#define HAVE_BUILTIN_EXPECT 1

configure: exit 0
